-------------------------------------------------------------------------------
Test set: com.example.weatherapi.service.WeatherServiceTest
-------------------------------------------------------------------------------
Tests run: 4, Failures: 2, Errors: 1, Skipped: 0, Time elapsed: 2.105 s <<< FAILURE! -- in com.example.weatherapi.service.WeatherServiceTest
com.example.weatherapi.service.WeatherServiceTest.testGetWeatherWithoutCachedData -- Time elapsed: 2.029 s <<< FAILURE!
org.opentest4j.AssertionFailedError: expected: <moderate rain> but was: <Invalid API Key or Rate Limit Exceeded>
	at org.junit.jupiter.api.AssertionFailureBuilder.build(AssertionFailureBuilder.java:151)
	at org.junit.jupiter.api.AssertionFailureBuilder.buildAndThrow(AssertionFailureBuilder.java:132)
	at org.junit.jupiter.api.AssertEquals.failNotEqual(AssertEquals.java:197)
	at org.junit.jupiter.api.AssertEquals.assertEquals(AssertEquals.java:182)
	at org.junit.jupiter.api.AssertEquals.assertEquals(AssertEquals.java:177)
	at org.junit.jupiter.api.Assertions.assertEquals(Assertions.java:1145)
	at com.example.weatherapi.service.WeatherServiceTest.testGetWeatherWithoutCachedData(WeatherServiceTest.java:87)
	at java.base/java.lang.reflect.Method.invoke(Method.java:580)
	at java.base/java.util.ArrayList.forEach(ArrayList.java:1596)
	at java.base/java.util.ArrayList.forEach(ArrayList.java:1596)

com.example.weatherapi.service.WeatherServiceTest.testGetWeatherInvalidApiKey -- Time elapsed: 0.008 s <<< ERROR!
java.lang.NullPointerException: Cannot invoke "java.util.Map.get(Object)" because "response" is null
	at com.example.weatherapi.service.WeatherService.getWeather(WeatherService.java:41)
	at com.example.weatherapi.service.WeatherServiceTest.testGetWeatherInvalidApiKey(WeatherServiceTest.java:102)
	at java.base/java.lang.reflect.Method.invoke(Method.java:580)
	at java.base/java.util.ArrayList.forEach(ArrayList.java:1596)
	at java.base/java.util.ArrayList.forEach(ArrayList.java:1596)

com.example.weatherapi.service.WeatherServiceTest.testGetWeatherWithCachedData -- Time elapsed: 0.009 s <<< FAILURE!
org.opentest4j.AssertionFailedError: expected: <moderate rain> but was: <Invalid API Key or Rate Limit Exceeded>
	at org.junit.jupiter.api.AssertionFailureBuilder.build(AssertionFailureBuilder.java:151)
	at org.junit.jupiter.api.AssertionFailureBuilder.buildAndThrow(AssertionFailureBuilder.java:132)
	at org.junit.jupiter.api.AssertEquals.failNotEqual(AssertEquals.java:197)
	at org.junit.jupiter.api.AssertEquals.assertEquals(AssertEquals.java:182)
	at org.junit.jupiter.api.AssertEquals.assertEquals(AssertEquals.java:177)
	at org.junit.jupiter.api.Assertions.assertEquals(Assertions.java:1145)
	at com.example.weatherapi.service.WeatherServiceTest.testGetWeatherWithCachedData(WeatherServiceTest.java:58)
	at java.base/java.lang.reflect.Method.invoke(Method.java:580)
	at java.base/java.util.ArrayList.forEach(ArrayList.java:1596)
	at java.base/java.util.ArrayList.forEach(ArrayList.java:1596)

